Analysis & Synthesis report for CSC343_Mutil_Cycle_CPU
Mon May 04 16:26:47 2015
Quartus II Version 9.1 Build 350 03/24/2010 Service Pack 2 SJ Web Edition


---------------------
; Table of Contents ;
---------------------
  1. Legal Notice
  2. Analysis & Synthesis Summary
  3. Analysis & Synthesis Settings
  4. Parallel Compilation
  5. Analysis & Synthesis Source Files Read
  6. Analysis & Synthesis Resource Usage Summary
  7. Analysis & Synthesis Resource Utilization by Entity
  8. User-Specified and Inferred Latches
  9. General Register Statistics
 10. Multiplexer Restructuring Statistics (Restructuring Performed)
 11. Analysis & Synthesis Messages



----------------
; Legal Notice ;
----------------
Copyright (C) 1991-2010 Altera Corporation
Your use of Altera Corporation's design tools, logic functions 
and other software and tools, and its AMPP partner logic 
functions, and any output files from any of the foregoing 
(including device programming or simulation files), and any 
associated documentation or information are expressly subject 
to the terms and conditions of the Altera Program License 
Subscription Agreement, Altera MegaCore Function License 
Agreement, or other applicable license agreement, including, 
without limitation, that your use is for the sole purpose of 
programming logic devices manufactured by Altera and sold by 
Altera or its authorized distributors.  Please refer to the 
applicable agreement for further details.



+-----------------------------------------------------------------------------------+
; Analysis & Synthesis Summary                                                      ;
+------------------------------------+----------------------------------------------+
; Analysis & Synthesis Status        ; Successful - Mon May 04 16:26:47 2015        ;
; Quartus II Version                 ; 9.1 Build 350 03/24/2010 SP 2 SJ Web Edition ;
; Revision Name                      ; CSC343_Mutil_Cycle_CPU                       ;
; Top-level Entity Name              ; Control_Unit                                 ;
; Family                             ; Cyclone II                                   ;
; Total logic elements               ; 25                                           ;
;     Total combinational functions  ; 25                                           ;
;     Dedicated logic registers      ; 2                                            ;
; Total registers                    ; 2                                            ;
; Total pins                         ; 32                                           ;
; Total virtual pins                 ; 0                                            ;
; Total memory bits                  ; 0                                            ;
; Embedded Multiplier 9-bit elements ; 0                                            ;
; Total PLLs                         ; 0                                            ;
+------------------------------------+----------------------------------------------+


+--------------------------------------------------------------------------------------------------------------------------+
; Analysis & Synthesis Settings                                                                                            ;
+----------------------------------------------------------------------------+--------------------+------------------------+
; Option                                                                     ; Setting            ; Default Value          ;
+----------------------------------------------------------------------------+--------------------+------------------------+
; Device                                                                     ; EP2C35F672C6       ;                        ;
; Top-level entity name                                                      ; Control_Unit       ; CSC343_Mutil_Cycle_CPU ;
; Family name                                                                ; Cyclone II         ; Stratix II             ;
; Use Generated Physical Constraints File                                    ; Off                ;                        ;
; Use smart compilation                                                      ; Off                ; Off                    ;
; Enable parallel Assembler and TimeQuest Timing Analyzer during compilation ; On                 ; On                     ;
; Enable compact report table                                                ; Off                ; Off                    ;
; Restructure Multiplexers                                                   ; Auto               ; Auto                   ;
; Create Debugging Nodes for IP Cores                                        ; Off                ; Off                    ;
; Preserve fewer node names                                                  ; On                 ; On                     ;
; Disable OpenCore Plus hardware evaluation                                  ; Off                ; Off                    ;
; Verilog Version                                                            ; Verilog_2001       ; Verilog_2001           ;
; VHDL Version                                                               ; VHDL_1993          ; VHDL_1993              ;
; State Machine Processing                                                   ; Auto               ; Auto                   ;
; Safe State Machine                                                         ; Off                ; Off                    ;
; Extract Verilog State Machines                                             ; On                 ; On                     ;
; Extract VHDL State Machines                                                ; On                 ; On                     ;
; Ignore Verilog initial constructs                                          ; Off                ; Off                    ;
; Iteration limit for constant Verilog loops                                 ; 5000               ; 5000                   ;
; Iteration limit for non-constant Verilog loops                             ; 250                ; 250                    ;
; Add Pass-Through Logic to Inferred RAMs                                    ; On                 ; On                     ;
; Parallel Synthesis                                                         ; On                 ; On                     ;
; DSP Block Balancing                                                        ; Auto               ; Auto                   ;
; NOT Gate Push-Back                                                         ; On                 ; On                     ;
; Power-Up Don't Care                                                        ; On                 ; On                     ;
; Remove Redundant Logic Cells                                               ; Off                ; Off                    ;
; Remove Duplicate Registers                                                 ; On                 ; On                     ;
; Ignore CARRY Buffers                                                       ; Off                ; Off                    ;
; Ignore CASCADE Buffers                                                     ; Off                ; Off                    ;
; Ignore GLOBAL Buffers                                                      ; Off                ; Off                    ;
; Ignore ROW GLOBAL Buffers                                                  ; Off                ; Off                    ;
; Ignore LCELL Buffers                                                       ; Off                ; Off                    ;
; Ignore SOFT Buffers                                                        ; On                 ; On                     ;
; Limit AHDL Integers to 32 Bits                                             ; Off                ; Off                    ;
; Optimization Technique                                                     ; Balanced           ; Balanced               ;
; Carry Chain Length                                                         ; 70                 ; 70                     ;
; Auto Carry Chains                                                          ; On                 ; On                     ;
; Auto Open-Drain Pins                                                       ; On                 ; On                     ;
; Perform WYSIWYG Primitive Resynthesis                                      ; Off                ; Off                    ;
; Auto ROM Replacement                                                       ; On                 ; On                     ;
; Auto RAM Replacement                                                       ; On                 ; On                     ;
; Auto Shift Register Replacement                                            ; Auto               ; Auto                   ;
; Auto Clock Enable Replacement                                              ; On                 ; On                     ;
; Strict RAM Replacement                                                     ; Off                ; Off                    ;
; Allow Synchronous Control Signals                                          ; On                 ; On                     ;
; Force Use of Synchronous Clear Signals                                     ; Off                ; Off                    ;
; Auto RAM to Logic Cell Conversion                                          ; Off                ; Off                    ;
; Auto Resource Sharing                                                      ; Off                ; Off                    ;
; Allow Any RAM Size For Recognition                                         ; Off                ; Off                    ;
; Allow Any ROM Size For Recognition                                         ; Off                ; Off                    ;
; Allow Any Shift Register Size For Recognition                              ; Off                ; Off                    ;
; Use LogicLock Constraints during Resource Balancing                        ; On                 ; On                     ;
; Ignore translate_off and synthesis_off directives                          ; Off                ; Off                    ;
; Timing-Driven Synthesis                                                    ; Off                ; Off                    ;
; Show Parameter Settings Tables in Synthesis Report                         ; On                 ; On                     ;
; Ignore Maximum Fan-Out Assignments                                         ; Off                ; Off                    ;
; Synchronization Register Chain Length                                      ; 2                  ; 2                      ;
; PowerPlay Power Optimization                                               ; Normal compilation ; Normal compilation     ;
; HDL message level                                                          ; Level2             ; Level2                 ;
; Suppress Register Optimization Related Messages                            ; Off                ; Off                    ;
; Number of Removed Registers Reported in Synthesis Report                   ; 5000               ; 5000                   ;
; Number of Inverted Registers Reported in Synthesis Report                  ; 100                ; 100                    ;
; Clock MUX Protection                                                       ; On                 ; On                     ;
; Auto Gated Clock Conversion                                                ; Off                ; Off                    ;
; Block Design Naming                                                        ; Auto               ; Auto                   ;
; SDC constraint protection                                                  ; Off                ; Off                    ;
; Synthesis Effort                                                           ; Auto               ; Auto                   ;
; Shift Register Replacement - Allow Asynchronous Clear Signal               ; On                 ; On                     ;
; Analysis & Synthesis Message Level                                         ; Medium             ; Medium                 ;
; Disable Register Merging Across Hierarchies                                ; Auto               ; Auto                   ;
; Resource Aware Inference For Block RAM                                     ; On                 ; On                     ;
+----------------------------------------------------------------------------+--------------------+------------------------+


Parallel compilation was disabled, but you have multiple processors available. Enable parallel compilation to reduce compilation time.
+-------------------------------------+
; Parallel Compilation                ;
+----------------------------+--------+
; Processors                 ; Number ;
+----------------------------+--------+
; Number detected on machine ; 4      ;
; Maximum allowed            ; 1      ;
+----------------------------+--------+


+-----------------------------------------------------------------------------------------------------------------------------------------------------------------------+
; Analysis & Synthesis Source Files Read                                                                                                                                ;
+----------------------------------+-----------------+-----------------+------------------------------------------------------------------------------------------------+
; File Name with User-Entered Path ; Used in Netlist ; File Type       ; File Name with Absolute Path                                                                   ;
+----------------------------------+-----------------+-----------------+------------------------------------------------------------------------------------------------+
; Control_Unit.vhd                 ; yes             ; User VHDL File  ; C:/Users/Stefan/Documents/CCNY CSc 343/Lab6/CSC343_processor/CSC343_processor/Control_Unit.vhd ;
+----------------------------------+-----------------+-----------------+------------------------------------------------------------------------------------------------+


+-------------------------------------------------------+
; Analysis & Synthesis Resource Usage Summary           ;
+---------------------------------------------+---------+
; Resource                                    ; Usage   ;
+---------------------------------------------+---------+
; Estimated Total logic elements              ; 25      ;
;                                             ;         ;
; Total combinational functions               ; 25      ;
; Logic element usage by number of LUT inputs ;         ;
;     -- 4 input functions                    ; 15      ;
;     -- 3 input functions                    ; 8       ;
;     -- <=2 input functions                  ; 2       ;
;                                             ;         ;
; Logic elements by mode                      ;         ;
;     -- normal mode                          ; 25      ;
;     -- arithmetic mode                      ; 0       ;
;                                             ;         ;
; Total registers                             ; 2       ;
;     -- Dedicated logic registers            ; 2       ;
;     -- I/O registers                        ; 0       ;
;                                             ;         ;
; I/O pins                                    ; 32      ;
; Maximum fan-out node                        ; step[0] ;
; Maximum fan-out                             ; 10      ;
; Total fan-out                               ; 113     ;
; Average fan-out                             ; 1.92    ;
+---------------------------------------------+---------+


+-----------------------------------------------------------------------------------------------------------------------------------------------------------------------------+
; Analysis & Synthesis Resource Utilization by Entity                                                                                                                         ;
+----------------------------+-------------------+--------------+-------------+--------------+---------+-----------+------+--------------+---------------------+--------------+
; Compilation Hierarchy Node ; LC Combinationals ; LC Registers ; Memory Bits ; DSP Elements ; DSP 9x9 ; DSP 18x18 ; Pins ; Virtual Pins ; Full Hierarchy Name ; Library Name ;
+----------------------------+-------------------+--------------+-------------+--------------+---------+-----------+------+--------------+---------------------+--------------+
; |Control_Unit              ; 25 (25)           ; 2 (2)        ; 0           ; 0            ; 0       ; 0         ; 32   ; 0            ; |Control_Unit       ; work         ;
+----------------------------+-------------------+--------------+-------------+--------------+---------+-----------+------+--------------+---------------------+--------------+
Note: For table entries with two numbers listed, the numbers in parentheses indicate the number of resources of the given type used by the specific entity alone. The numbers listed outside of parentheses indicate the total resources of the given type used by the specific entity and all of its sub-entities in the hierarchy.


+---------------------------------------------------------------------------------------------------+
; User-Specified and Inferred Latches                                                               ;
+----------------------------------------------------+---------------------+------------------------+
; Latch Name                                         ; Latch Enable Signal ; Free of Timing Hazards ;
+----------------------------------------------------+---------------------+------------------------+
; Sign$latch                                         ; Mux23               ; yes                    ;
; Ry[0]$latch                                        ; Mux26               ; yes                    ;
; Ry[1]$latch                                        ; Mux26               ; yes                    ;
; Ry[2]$latch                                        ; Mux26               ; yes                    ;
; Number of user-specified and inferred latches = 4  ;                     ;                        ;
+----------------------------------------------------+---------------------+------------------------+
Note: All latches listed above may not be present at the end of synthesis due to various synthesis optimizations.


+------------------------------------------------------+
; General Register Statistics                          ;
+----------------------------------------------+-------+
; Statistic                                    ; Value ;
+----------------------------------------------+-------+
; Total registers                              ; 2     ;
; Number of registers using Synchronous Clear  ; 0     ;
; Number of registers using Synchronous Load   ; 0     ;
; Number of registers using Asynchronous Clear ; 2     ;
; Number of registers using Asynchronous Load  ; 0     ;
; Number of registers using Clock Enable       ; 0     ;
; Number of registers using Preset             ; 0     ;
+----------------------------------------------+-------+


+------------------------------------------------------------------------------------------------------------------------------------------+
; Multiplexer Restructuring Statistics (Restructuring Performed)                                                                           ;
+--------------------+-----------+---------------+----------------------+------------------------+------------+----------------------------+
; Multiplexer Inputs ; Bus Width ; Baseline Area ; Area if Restructured ; Saving if Restructured ; Registered ; Example Multiplexer Output ;
+--------------------+-----------+---------------+----------------------+------------------------+------------+----------------------------+
; 3:1                ; 2 bits    ; 4 LEs         ; 4 LEs                ; 0 LEs                  ; No         ; |Control_Unit|Mux12        ;
; 3:1                ; 3 bits    ; 6 LEs         ; 3 LEs                ; 3 LEs                  ; No         ; |Control_Unit|Mux0         ;
; 6:1                ; 8 bits    ; 32 LEs        ; 8 LEs                ; 24 LEs                 ; No         ; |Control_Unit|Mux13        ;
+--------------------+-----------+---------------+----------------------+------------------------+------------+----------------------------+


+-------------------------------+
; Analysis & Synthesis Messages ;
+-------------------------------+
Info: *******************************************************************
Info: Running Quartus II Analysis & Synthesis
    Info: Version 9.1 Build 350 03/24/2010 Service Pack 2 SJ Web Edition
    Info: Processing started: Mon May 04 16:26:43 2015
Info: Command: quartus_map --read_settings_files=on --write_settings_files=off CSC343_Mutil_Cycle_CPU -c CSC343_Mutil_Cycle_CPU
Info: Found 2 design units, including 1 entities, in source file addsub.vhd
    Info: Found design unit 1: Addsub-arch
    Info: Found entity 1: AddSub
Info: Found 2 design units, including 1 entities, in source file control_unit.vhd
    Info: Found design unit 1: Control_Unit-arch
    Info: Found entity 1: Control_Unit
Info: Found 2 design units, including 1 entities, in source file counter.vhd
    Info: Found design unit 1: Counter-arch
    Info: Found entity 1: Counter
Info: Found 1 design units, including 1 entities, in source file cpu2.bdf
    Info: Found entity 1: cpu2
Info: Found 2 design units, including 1 entities, in source file dec3to8.vhd
    Info: Found design unit 1: dec3to8-Behavior
    Info: Found entity 1: dec3to8
Info: Found 1 design units, including 1 entities, in source file part1.bdf
    Info: Found entity 1: part1
Info: Found 2 design units, including 1 entities, in source file ir.vhd
    Info: Found design unit 1: IR-arch
    Info: Found entity 1: IR
Warning: Entity "Mux" obtained from "C:/Users/Stefan/Documents/CCNY CSc 343/Lab6/CSC343_processor/CSC343_processor/mux.vhd" instead of from Quartus II megafunction library
Info: Found 2 design units, including 1 entities, in source file mux.vhd
    Info: Found design unit 1: Mux-arch
    Info: Found entity 1: Mux
Info: Found 2 design units, including 1 entities, in source file reg.vhd
    Info: Found design unit 1: reg-arch
    Info: Found entity 1: Reg
Info: Found 2 design units, including 1 entities, in source file regn.vhd
    Info: Found design unit 1: regn-arch
    Info: Found entity 1: Regn
Info: Found 2 design units, including 1 entities, in source file segment.vhd
    Info: Found design unit 1: segment-a
    Info: Found entity 1: segment
Info: Found 1 design units, including 1 entities, in source file cpu.bdf
    Info: Found entity 1: cpu
Info: Found 2 design units, including 1 entities, in source file inst_mem.vhd
    Info: Found design unit 1: inst_mem-SYN
    Info: Found entity 1: inst_mem
Info: Found 1 design units, including 1 entities, in source file part2.bdf
    Info: Found entity 1: part2
Info: Elaborating entity "Control_Unit" for the top level hierarchy
Warning (10492): VHDL Process Statement warning at Control_Unit.vhd(62): signal "instruction" is read inside the Process Statement but isn't in the Process Statement's sensitivity list
Warning (10492): VHDL Process Statement warning at Control_Unit.vhd(75): signal "instruction" is read inside the Process Statement but isn't in the Process Statement's sensitivity list
Warning (10492): VHDL Process Statement warning at Control_Unit.vhd(77): signal "instruction" is read inside the Process Statement but isn't in the Process Statement's sensitivity list
Warning (10492): VHDL Process Statement warning at Control_Unit.vhd(78): signal "yReg" is read inside the Process Statement but isn't in the Process Statement's sensitivity list
Warning (10492): VHDL Process Statement warning at Control_Unit.vhd(81): signal "instruction" is read inside the Process Statement but isn't in the Process Statement's sensitivity list
Warning (10492): VHDL Process Statement warning at Control_Unit.vhd(87): signal "instruction" is read inside the Process Statement but isn't in the Process Statement's sensitivity list
Warning (10492): VHDL Process Statement warning at Control_Unit.vhd(88): signal "yReg" is read inside the Process Statement but isn't in the Process Statement's sensitivity list
Warning (10492): VHDL Process Statement warning at Control_Unit.vhd(92): signal "instruction" is read inside the Process Statement but isn't in the Process Statement's sensitivity list
Warning (10492): VHDL Process Statement warning at Control_Unit.vhd(97): signal "instruction" is read inside the Process Statement but isn't in the Process Statement's sensitivity list
Warning (10631): VHDL Process Statement warning at Control_Unit.vhd(53): inferring latch(es) for signal or variable "Ry", which holds its previous value in one or more paths through the process
Warning (10631): VHDL Process Statement warning at Control_Unit.vhd(53): inferring latch(es) for signal or variable "Sign", which holds its previous value in one or more paths through the process
Info (10041): Inferred latch for "Sign" at Control_Unit.vhd(53)
Info (10041): Inferred latch for "Ry[0]" at Control_Unit.vhd(53)
Info (10041): Inferred latch for "Ry[1]" at Control_Unit.vhd(53)
Info (10041): Inferred latch for "Ry[2]" at Control_Unit.vhd(53)
Warning: Latch Ry[0]$latch has unsafe behavior
    Warning: Ports D and ENA on the latch are fed by the same signal step[0]
Warning: Latch Ry[1]$latch has unsafe behavior
    Warning: Ports D and ENA on the latch are fed by the same signal step[0]
Warning: Latch Ry[2]$latch has unsafe behavior
    Warning: Ports D and ENA on the latch are fed by the same signal step[0]
Warning: Design contains 1 input pin(s) that do not drive logic
    Warning (15610): No output dependent on input pin "Run"
Info: Implemented 57 device resources after synthesis - the final resource count might be different
    Info: Implemented 12 input pins
    Info: Implemented 20 output pins
    Info: Implemented 25 logic cells
Info: Quartus II Analysis & Synthesis was successful. 0 errors, 20 warnings
    Info: Peak virtual memory: 235 megabytes
    Info: Processing ended: Mon May 04 16:26:47 2015
    Info: Elapsed time: 00:00:04
    Info: Total CPU time (on all processors): 00:00:04


