Classic Timing Analyzer report for Lab2_Quartus_Comparator
Fri Feb 27 17:27:33 2015
Quartus II Version 9.1 Build 350 03/24/2010 Service Pack 2 SJ Web Edition


---------------------
; Table of Contents ;
---------------------
  1. Legal Notice
  2. Timing Analyzer Summary
  3. Timing Analyzer Settings
  4. Parallel Compilation
  5. tpd
  6. Timing Analyzer Messages



----------------
; Legal Notice ;
----------------
Copyright (C) 1991-2010 Altera Corporation
Your use of Altera Corporation's design tools, logic functions 
and other software and tools, and its AMPP partner logic 
functions, and any output files from any of the foregoing 
(including device programming or simulation files), and any 
associated documentation or information are expressly subject 
to the terms and conditions of the Altera Program License 
Subscription Agreement, Altera MegaCore Function License 
Agreement, or other applicable license agreement, including, 
without limitation, that your use is for the sole purpose of 
programming logic devices manufactured by Altera and sold by 
Altera or its authorized distributors.  Please refer to the 
applicable agreement for further details.



+---------------------------------------------------------------------------------------------------------------------------+
; Timing Analyzer Summary                                                                                                   ;
+------------------------------+-------+---------------+-------------+------+--------+------------+----------+--------------+
; Type                         ; Slack ; Required Time ; Actual Time ; From ; To     ; From Clock ; To Clock ; Failed Paths ;
+------------------------------+-------+---------------+-------------+------+--------+------------+----------+--------------+
; Worst-case tpd               ; N/A   ; None          ; 13.302 ns   ; b[5] ; output ; --         ; --       ; 0            ;
; Total number of failed paths ;       ;               ;             ;      ;        ;            ;          ; 0            ;
+------------------------------+-------+---------------+-------------+------+--------+------------+----------+--------------+


+-----------------------------------------------------------------------------------------------------------------------------------------------------+
; Timing Analyzer Settings                                                                                                                            ;
+------------------------------------------------------------------------------------------------------+--------------------+------+----+-------------+
; Option                                                                                               ; Setting            ; From ; To ; Entity Name ;
+------------------------------------------------------------------------------------------------------+--------------------+------+----+-------------+
; Device Name                                                                                          ; EP2C35F672C6       ;      ;    ;             ;
; Timing Models                                                                                        ; Final              ;      ;    ;             ;
; Default hold multicycle                                                                              ; Same as Multicycle ;      ;    ;             ;
; Cut paths between unrelated clock domains                                                            ; On                 ;      ;    ;             ;
; Cut off read during write signal paths                                                               ; On                 ;      ;    ;             ;
; Cut off feedback from I/O pins                                                                       ; On                 ;      ;    ;             ;
; Report Combined Fast/Slow Timing                                                                     ; Off                ;      ;    ;             ;
; Ignore Clock Settings                                                                                ; Off                ;      ;    ;             ;
; Analyze latches as synchronous elements                                                              ; On                 ;      ;    ;             ;
; Enable Recovery/Removal analysis                                                                     ; Off                ;      ;    ;             ;
; Enable Clock Latency                                                                                 ; Off                ;      ;    ;             ;
; Use TimeQuest Timing Analyzer                                                                        ; Off                ;      ;    ;             ;
; Minimum Core Junction Temperature                                                                    ; 0                  ;      ;    ;             ;
; Maximum Core Junction Temperature                                                                    ; 85                 ;      ;    ;             ;
; Number of source nodes to report per destination node                                                ; 10                 ;      ;    ;             ;
; Number of destination nodes to report                                                                ; 10                 ;      ;    ;             ;
; Number of paths to report                                                                            ; 200                ;      ;    ;             ;
; Report Minimum Timing Checks                                                                         ; Off                ;      ;    ;             ;
; Use Fast Timing Models                                                                               ; Off                ;      ;    ;             ;
; Report IO Paths Separately                                                                           ; Off                ;      ;    ;             ;
; Perform Multicorner Analysis                                                                         ; On                 ;      ;    ;             ;
; Reports the worst-case path for each clock domain and analysis                                       ; Off                ;      ;    ;             ;
; Reports worst-case timing paths for each clock domain and analysis                                   ; On                 ;      ;    ;             ;
; Specifies the maximum number of worst-case timing paths to report for each clock domain and analysis ; 100                ;      ;    ;             ;
; Removes common clock path pessimism (CCPP) during slack computation                                  ; Off                ;      ;    ;             ;
; Output I/O Timing Endpoint                                                                           ; Near End           ;      ;    ;             ;
+------------------------------------------------------------------------------------------------------+--------------------+------+----+-------------+


Parallel compilation was disabled, but you have multiple processors available. Enable parallel compilation to reduce compilation time.
+-------------------------------------+
; Parallel Compilation                ;
+----------------------------+--------+
; Processors                 ; Number ;
+----------------------------+--------+
; Number detected on machine ; 4      ;
; Maximum allowed            ; 1      ;
+----------------------------+--------+


+-------------------------------------------------------------+
; tpd                                                         ;
+-------+-------------------+-----------------+------+--------+
; Slack ; Required P2P Time ; Actual P2P Time ; From ; To     ;
+-------+-------------------+-----------------+------+--------+
; N/A   ; None              ; 13.302 ns       ; b[5] ; output ;
; N/A   ; None              ; 12.994 ns       ; b[7] ; output ;
; N/A   ; None              ; 9.014 ns        ; a[0] ; output ;
; N/A   ; None              ; 8.966 ns        ; b[1] ; output ;
; N/A   ; None              ; 8.936 ns        ; a[5] ; output ;
; N/A   ; None              ; 8.935 ns        ; b[0] ; output ;
; N/A   ; None              ; 8.933 ns        ; b[2] ; output ;
; N/A   ; None              ; 8.887 ns        ; a[3] ; output ;
; N/A   ; None              ; 8.794 ns        ; b[4] ; output ;
; N/A   ; None              ; 8.794 ns        ; b[3] ; output ;
; N/A   ; None              ; 8.738 ns        ; a[1] ; output ;
; N/A   ; None              ; 8.734 ns        ; a[2] ; output ;
; N/A   ; None              ; 8.451 ns        ; a[7] ; output ;
; N/A   ; None              ; 8.318 ns        ; a[4] ; output ;
; N/A   ; None              ; 8.236 ns        ; a[6] ; output ;
+-------+-------------------+-----------------+------+--------+


+--------------------------+
; Timing Analyzer Messages ;
+--------------------------+
Info: *******************************************************************
Info: Running Quartus II Classic Timing Analyzer
    Info: Version 9.1 Build 350 03/24/2010 Service Pack 2 SJ Web Edition
    Info: Processing started: Fri Feb 27 17:27:32 2015
Info: Command: quartus_tan --read_settings_files=off --write_settings_files=off Lab2_Quartus_Comparator -c Lab2_Quartus_Comparator --timing_analysis_only
Info: Longest tpd from source pin "b[5]" to destination pin "output" is 13.302 ns
    Info: 1: + IC(0.000 ns) + CELL(0.832 ns) = 0.832 ns; Loc. = PIN_T7; Fanout = 1; PIN Node = 'b[5]'
    Info: 2: + IC(6.179 ns) + CELL(0.275 ns) = 7.286 ns; Loc. = LCCOMB_X32_Y16_N2; Fanout = 1; COMB Node = 'inst9~1'
    Info: 3: + IC(0.247 ns) + CELL(0.393 ns) = 7.926 ns; Loc. = LCCOMB_X32_Y16_N24; Fanout = 1; COMB Node = 'inst9~4'
    Info: 4: + IC(2.558 ns) + CELL(2.818 ns) = 13.302 ns; Loc. = PIN_AE23; Fanout = 0; PIN Node = 'output'
    Info: Total cell delay = 4.318 ns ( 32.46 % )
    Info: Total interconnect delay = 8.984 ns ( 67.54 % )
Info: Quartus II Classic Timing Analyzer was successful. 0 errors, 0 warnings
    Info: Peak virtual memory: 168 megabytes
    Info: Processing ended: Fri Feb 27 17:27:33 2015
    Info: Elapsed time: 00:00:01
    Info: Total CPU time (on all processors): 00:00:01


