Flow report for Lab2_Quartus_Comparator
Fri Feb 27 17:27:33 2015
Quartus II Version 9.1 Build 350 03/24/2010 Service Pack 2 SJ Web Edition


---------------------
; Table of Contents ;
---------------------
  1. Legal Notice
  2. Flow Summary
  3. Flow Settings
  4. Flow Non-Default Global Settings
  5. Flow Elapsed Time
  6. Flow OS Summary
  7. Flow Log



----------------
; Legal Notice ;
----------------
Copyright (C) 1991-2010 Altera Corporation
Your use of Altera Corporation's design tools, logic functions 
and other software and tools, and its AMPP partner logic 
functions, and any output files from any of the foregoing 
(including device programming or simulation files), and any 
associated documentation or information are expressly subject 
to the terms and conditions of the Altera Program License 
Subscription Agreement, Altera MegaCore Function License 
Agreement, or other applicable license agreement, including, 
without limitation, that your use is for the sole purpose of 
programming logic devices manufactured by Altera and sold by 
Altera or its authorized distributors.  Please refer to the 
applicable agreement for further details.



+-----------------------------------------------------------------------------------+
; Flow Summary                                                                      ;
+------------------------------------+----------------------------------------------+
; Flow Status                        ; Successful - Fri Feb 27 17:27:33 2015        ;
; Quartus II Version                 ; 9.1 Build 350 03/24/2010 SP 2 SJ Web Edition ;
; Revision Name                      ; Lab2_Quartus_Comparator                      ;
; Top-level Entity Name              ; 8bit_comparator                              ;
; Family                             ; Cyclone II                                   ;
; Device                             ; EP2C35F672C6                                 ;
; Timing Models                      ; Final                                        ;
; Met timing requirements            ; Yes                                          ;
; Total logic elements               ; 5 / 33,216 ( < 1 % )                         ;
;     Total combinational functions  ; 5 / 33,216 ( < 1 % )                         ;
;     Dedicated logic registers      ; 0 / 33,216 ( 0 % )                           ;
; Total registers                    ; 0                                            ;
; Total pins                         ; 17 / 475 ( 4 % )                             ;
; Total virtual pins                 ; 0                                            ;
; Total memory bits                  ; 0 / 483,840 ( 0 % )                          ;
; Embedded Multiplier 9-bit elements ; 0 / 70 ( 0 % )                               ;
; Total PLLs                         ; 0 / 4 ( 0 % )                                ;
+------------------------------------+----------------------------------------------+


+---------------------------------------------+
; Flow Settings                               ;
+-------------------+-------------------------+
; Option            ; Setting                 ;
+-------------------+-------------------------+
; Start date & time ; 02/27/2015 17:26:48     ;
; Main task         ; Compilation             ;
; Revision Name     ; Lab2_Quartus_Comparator ;
+-------------------+-------------------------+


+----------------------------------------------------------------------------------------------------------------------------------+
; Flow Non-Default Global Settings                                                                                                 ;
+------------------------------------+--------------------------------+-------------------------+-----------------+----------------+
; Assignment Name                    ; Value                          ; Default Value           ; Entity Name     ; Section Id     ;
+------------------------------------+--------------------------------+-------------------------+-----------------+----------------+
; COMPILER_SIGNATURE_ID              ; 25130673495520.142508680803368 ; --                      ; --              ; --             ;
; MAX_CORE_JUNCTION_TEMP             ; 85                             ; --                      ; --              ; --             ;
; MIN_CORE_JUNCTION_TEMP             ; 0                              ; --                      ; --              ; --             ;
; PARTITION_COLOR                    ; 16764057                       ; --                      ; 8bit_comparator ; Top            ;
; PARTITION_NETLIST_TYPE             ; SOURCE                         ; --                      ; 8bit_comparator ; Top            ;
; TOP_LEVEL_ENTITY                   ; 8bit_comparator                ; Lab2_Quartus_Comparator ; --              ; --             ;
; USE_GENERATED_PHYSICAL_CONSTRAINTS ; Off                            ; --                      ; --              ; eda_blast_fpga ;
+------------------------------------+--------------------------------+-------------------------+-----------------+----------------+


+-----------------------------------------------------------------------------------------------------------------------------+
; Flow Elapsed Time                                                                                                           ;
+-------------------------+--------------+-------------------------+---------------------+------------------------------------+
; Module Name             ; Elapsed Time ; Average Processors Used ; Peak Virtual Memory ; Total CPU Time (on all processors) ;
+-------------------------+--------------+-------------------------+---------------------+------------------------------------+
; Analysis & Synthesis    ; 00:00:05     ; 1.0                     ; 229 MB              ; 00:00:06                           ;
; Fitter                  ; 00:00:27     ; 1.0                     ; 262 MB              ; 00:00:36                           ;
; Assembler               ; 00:00:08     ; 1.0                     ; 248 MB              ; 00:00:08                           ;
; Classic Timing Analyzer ; 00:00:01     ; 1.0                     ; 153 MB              ; 00:00:01                           ;
; Total                   ; 00:00:41     ; --                      ; --                  ; 00:00:51                           ;
+-------------------------+--------------+-------------------------+---------------------+------------------------------------+


+------------------------------------------------------------------------------------------+
; Flow OS Summary                                                                          ;
+-------------------------+------------------+---------------+------------+----------------+
; Module Name             ; Machine Hostname ; OS Name       ; OS Version ; Processor type ;
+-------------------------+------------------+---------------+------------+----------------+
; Analysis & Synthesis    ; Stefan           ; Windows Vista ; 6.2        ; x86_64         ;
; Fitter                  ; Stefan           ; Windows Vista ; 6.2        ; x86_64         ;
; Assembler               ; Stefan           ; Windows Vista ; 6.2        ; x86_64         ;
; Classic Timing Analyzer ; Stefan           ; Windows Vista ; 6.2        ; x86_64         ;
+-------------------------+------------------+---------------+------------+----------------+


------------
; Flow Log ;
------------
quartus_map --read_settings_files=on --write_settings_files=off Lab2_Quartus_Comparator -c Lab2_Quartus_Comparator
quartus_fit --read_settings_files=off --write_settings_files=off Lab2_Quartus_Comparator -c Lab2_Quartus_Comparator
quartus_asm --read_settings_files=off --write_settings_files=off Lab2_Quartus_Comparator -c Lab2_Quartus_Comparator
quartus_tan --read_settings_files=off --write_settings_files=off Lab2_Quartus_Comparator -c Lab2_Quartus_Comparator --timing_analysis_only



