Flow report for CSC343_Mutil_Cycle_CPU
Thu Apr 30 22:48:52 2015
Quartus II Version 9.1 Build 350 03/24/2010 Service Pack 2 SJ Web Edition


---------------------
; Table of Contents ;
---------------------
  1. Legal Notice
  2. Flow Summary
  3. Flow Settings
  4. Flow Non-Default Global Settings
  5. Flow Elapsed Time
  6. Flow OS Summary
  7. Flow Log



----------------
; Legal Notice ;
----------------
Copyright (C) 1991-2010 Altera Corporation
Your use of Altera Corporation's design tools, logic functions 
and other software and tools, and its AMPP partner logic 
functions, and any output files from any of the foregoing 
(including device programming or simulation files), and any 
associated documentation or information are expressly subject 
to the terms and conditions of the Altera Program License 
Subscription Agreement, Altera MegaCore Function License 
Agreement, or other applicable license agreement, including, 
without limitation, that your use is for the sole purpose of 
programming logic devices manufactured by Altera and sold by 
Altera or its authorized distributors.  Please refer to the 
applicable agreement for further details.



+-----------------------------------------------------------------------------------+
; Flow Summary                                                                      ;
+------------------------------------+----------------------------------------------+
; Flow Status                        ; Successful - Thu Apr 30 22:48:52 2015        ;
; Quartus II Version                 ; 9.1 Build 350 03/24/2010 SP 2 SJ Web Edition ;
; Revision Name                      ; CSC343_Mutil_Cycle_CPU                       ;
; Top-level Entity Name              ; part2                                        ;
; Family                             ; Cyclone II                                   ;
; Device                             ; EP2C35F672C6                                 ;
; Timing Models                      ; Final                                        ;
; Met timing requirements            ; No                                           ;
; Total logic elements               ; 226 / 33,216 ( < 1 % )                       ;
;     Total combinational functions  ; 162 / 33,216 ( < 1 % )                       ;
;     Dedicated logic registers      ; 176 / 33,216 ( < 1 % )                       ;
; Total registers                    ; 176                                          ;
; Total pins                         ; 160 / 475 ( 34 % )                           ;
; Total virtual pins                 ; 0                                            ;
; Total memory bits                  ; 512 / 483,840 ( < 1 % )                      ;
; Embedded Multiplier 9-bit elements ; 0 / 70 ( 0 % )                               ;
; Total PLLs                         ; 0 / 4 ( 0 % )                                ;
+------------------------------------+----------------------------------------------+


+--------------------------------------------+
; Flow Settings                              ;
+-------------------+------------------------+
; Option            ; Setting                ;
+-------------------+------------------------+
; Start date & time ; 04/30/2015 22:48:34    ;
; Main task         ; Compilation            ;
; Revision Name     ; CSC343_Mutil_Cycle_CPU ;
+-------------------+------------------------+


+---------------------------------------------------------------------------------------------------------------------------+
; Flow Non-Default Global Settings                                                                                          ;
+------------------------------------+------------------------------+------------------------+-------------+----------------+
; Assignment Name                    ; Value                        ; Default Value          ; Entity Name ; Section Id     ;
+------------------------------------+------------------------------+------------------------+-------------+----------------+
; COMPILER_SIGNATURE_ID              ; 164802112538.143044851405676 ; --                     ; --          ; --             ;
; IP_TOOL_NAME                       ; ROM: 1-PORT                  ; --                     ; --          ; --             ;
; IP_TOOL_VERSION                    ; 9.1                          ; --                     ; --          ; --             ;
; MAX_CORE_JUNCTION_TEMP             ; 85                           ; --                     ; --          ; --             ;
; MIN_CORE_JUNCTION_TEMP             ; 0                            ; --                     ; --          ; --             ;
; MISC_FILE                          ; inst_mem.cmp                 ; --                     ; --          ; --             ;
; PARTITION_COLOR                    ; 16764057                     ; --                     ; part2       ; Top            ;
; PARTITION_NETLIST_TYPE             ; SOURCE                       ; --                     ; part2       ; Top            ;
; TOP_LEVEL_ENTITY                   ; part2                        ; CSC343_Mutil_Cycle_CPU ; --          ; --             ;
; USE_GENERATED_PHYSICAL_CONSTRAINTS ; Off                          ; --                     ; --          ; eda_blast_fpga ;
+------------------------------------+------------------------------+------------------------+-------------+----------------+


+-----------------------------------------------------------------------------------------------------------------------------+
; Flow Elapsed Time                                                                                                           ;
+-------------------------+--------------+-------------------------+---------------------+------------------------------------+
; Module Name             ; Elapsed Time ; Average Processors Used ; Peak Virtual Memory ; Total CPU Time (on all processors) ;
+-------------------------+--------------+-------------------------+---------------------+------------------------------------+
; Analysis & Synthesis    ; 00:00:03     ; 1.0                     ; 237 MB              ; 00:00:03                           ;
; Fitter                  ; 00:00:09     ; 1.0                     ; 261 MB              ; 00:00:09                           ;
; Assembler               ; 00:00:03     ; 1.0                     ; 246 MB              ; 00:00:03                           ;
; Classic Timing Analyzer ; 00:00:00     ; 1.0                     ; 152 MB              ; 00:00:00                           ;
; Total                   ; 00:00:15     ; --                      ; --                  ; 00:00:15                           ;
+-------------------------+--------------+-------------------------+---------------------+------------------------------------+


+------------------------------------------------------------------------------------------+
; Flow OS Summary                                                                          ;
+-------------------------+------------------+---------------+------------+----------------+
; Module Name             ; Machine Hostname ; OS Name       ; OS Version ; Processor type ;
+-------------------------+------------------+---------------+------------+----------------+
; Analysis & Synthesis    ; LeoJiang-VAIO    ; Windows Vista ; 6.1        ; x86_64         ;
; Fitter                  ; LeoJiang-VAIO    ; Windows Vista ; 6.1        ; x86_64         ;
; Assembler               ; LeoJiang-VAIO    ; Windows Vista ; 6.1        ; x86_64         ;
; Classic Timing Analyzer ; LeoJiang-VAIO    ; Windows Vista ; 6.1        ; x86_64         ;
+-------------------------+------------------+---------------+------------+----------------+


------------
; Flow Log ;
------------
quartus_map --read_settings_files=on --write_settings_files=off CSC343_Mutil_Cycle_CPU -c CSC343_Mutil_Cycle_CPU
quartus_fit --read_settings_files=off --write_settings_files=off CSC343_Mutil_Cycle_CPU -c CSC343_Mutil_Cycle_CPU
quartus_asm --read_settings_files=off --write_settings_files=off CSC343_Mutil_Cycle_CPU -c CSC343_Mutil_Cycle_CPU
quartus_tan --read_settings_files=off --write_settings_files=off CSC343_Mutil_Cycle_CPU -c CSC343_Mutil_Cycle_CPU --timing_analysis_only



