Analysis & Synthesis report for keyboard
Thu May 14 15:20:17 2015
Quartus II Version 9.1 Build 350 03/24/2010 Service Pack 2 SJ Web Edition


---------------------
; Table of Contents ;
---------------------
  1. Legal Notice
  2. Analysis & Synthesis Summary
  3. Analysis & Synthesis Settings
  4. Parallel Compilation
  5. Analysis & Synthesis Source Files Read
  6. Analysis & Synthesis Resource Usage Summary
  7. Analysis & Synthesis Resource Utilization by Entity
  8. State Machine - |keyboard_interface|shift_detector:shft|current_state
  9. State Machine - |keyboard_interface|ps2_rec:rec|current_state
 10. User-Specified and Inferred Latches
 11. Registers Removed During Synthesis
 12. General Register Statistics
 13. Multiplexer Restructuring Statistics (Restructuring Performed)
 14. Port Connectivity Checks: "hex_to_seven:sev"
 15. Analysis & Synthesis Messages



----------------
; Legal Notice ;
----------------
Copyright (C) 1991-2010 Altera Corporation
Your use of Altera Corporation's design tools, logic functions 
and other software and tools, and its AMPP partner logic 
functions, and any output files from any of the foregoing 
(including device programming or simulation files), and any 
associated documentation or information are expressly subject 
to the terms and conditions of the Altera Program License 
Subscription Agreement, Altera MegaCore Function License 
Agreement, or other applicable license agreement, including, 
without limitation, that your use is for the sole purpose of 
programming logic devices manufactured by Altera and sold by 
Altera or its authorized distributors.  Please refer to the 
applicable agreement for further details.



+-----------------------------------------------------------------------------------+
; Analysis & Synthesis Summary                                                      ;
+------------------------------------+----------------------------------------------+
; Analysis & Synthesis Status        ; Successful - Thu May 14 15:20:17 2015        ;
; Quartus II Version                 ; 9.1 Build 350 03/24/2010 SP 2 SJ Web Edition ;
; Revision Name                      ; keyboard                                     ;
; Top-level Entity Name              ; keyboard_interface                           ;
; Family                             ; Cyclone II                                   ;
; Total logic elements               ; 143                                          ;
;     Total combinational functions  ; 125                                          ;
;     Dedicated logic registers      ; 29                                           ;
; Total registers                    ; 29                                           ;
; Total pins                         ; 61                                           ;
; Total virtual pins                 ; 0                                            ;
; Total memory bits                  ; 0                                            ;
; Embedded Multiplier 9-bit elements ; 0                                            ;
; Total PLLs                         ; 0                                            ;
+------------------------------------+----------------------------------------------+


+----------------------------------------------------------------------------------------------------------------------+
; Analysis & Synthesis Settings                                                                                        ;
+----------------------------------------------------------------------------+--------------------+--------------------+
; Option                                                                     ; Setting            ; Default Value      ;
+----------------------------------------------------------------------------+--------------------+--------------------+
; Device                                                                     ; EP2C35F672C6       ;                    ;
; Top-level entity name                                                      ; keyboard_interface ; keyboard           ;
; Family name                                                                ; Cyclone II         ; Stratix II         ;
; Use Generated Physical Constraints File                                    ; Off                ;                    ;
; Use smart compilation                                                      ; Off                ; Off                ;
; Enable parallel Assembler and TimeQuest Timing Analyzer during compilation ; On                 ; On                 ;
; Enable compact report table                                                ; Off                ; Off                ;
; Restructure Multiplexers                                                   ; Auto               ; Auto               ;
; Create Debugging Nodes for IP Cores                                        ; Off                ; Off                ;
; Preserve fewer node names                                                  ; On                 ; On                 ;
; Disable OpenCore Plus hardware evaluation                                  ; Off                ; Off                ;
; Verilog Version                                                            ; Verilog_2001       ; Verilog_2001       ;
; VHDL Version                                                               ; VHDL_1993          ; VHDL_1993          ;
; State Machine Processing                                                   ; Auto               ; Auto               ;
; Safe State Machine                                                         ; Off                ; Off                ;
; Extract Verilog State Machines                                             ; On                 ; On                 ;
; Extract VHDL State Machines                                                ; On                 ; On                 ;
; Ignore Verilog initial constructs                                          ; Off                ; Off                ;
; Iteration limit for constant Verilog loops                                 ; 5000               ; 5000               ;
; Iteration limit for non-constant Verilog loops                             ; 250                ; 250                ;
; Add Pass-Through Logic to Inferred RAMs                                    ; On                 ; On                 ;
; Parallel Synthesis                                                         ; On                 ; On                 ;
; DSP Block Balancing                                                        ; Auto               ; Auto               ;
; NOT Gate Push-Back                                                         ; On                 ; On                 ;
; Power-Up Don't Care                                                        ; On                 ; On                 ;
; Remove Redundant Logic Cells                                               ; Off                ; Off                ;
; Remove Duplicate Registers                                                 ; On                 ; On                 ;
; Ignore CARRY Buffers                                                       ; Off                ; Off                ;
; Ignore CASCADE Buffers                                                     ; Off                ; Off                ;
; Ignore GLOBAL Buffers                                                      ; Off                ; Off                ;
; Ignore ROW GLOBAL Buffers                                                  ; Off                ; Off                ;
; Ignore LCELL Buffers                                                       ; Off                ; Off                ;
; Ignore SOFT Buffers                                                        ; On                 ; On                 ;
; Limit AHDL Integers to 32 Bits                                             ; Off                ; Off                ;
; Optimization Technique                                                     ; Balanced           ; Balanced           ;
; Carry Chain Length                                                         ; 70                 ; 70                 ;
; Auto Carry Chains                                                          ; On                 ; On                 ;
; Auto Open-Drain Pins                                                       ; On                 ; On                 ;
; Perform WYSIWYG Primitive Resynthesis                                      ; Off                ; Off                ;
; Auto ROM Replacement                                                       ; On                 ; On                 ;
; Auto RAM Replacement                                                       ; On                 ; On                 ;
; Auto Shift Register Replacement                                            ; Auto               ; Auto               ;
; Auto Clock Enable Replacement                                              ; On                 ; On                 ;
; Strict RAM Replacement                                                     ; Off                ; Off                ;
; Allow Synchronous Control Signals                                          ; On                 ; On                 ;
; Force Use of Synchronous Clear Signals                                     ; Off                ; Off                ;
; Auto RAM to Logic Cell Conversion                                          ; Off                ; Off                ;
; Auto Resource Sharing                                                      ; Off                ; Off                ;
; Allow Any RAM Size For Recognition                                         ; Off                ; Off                ;
; Allow Any ROM Size For Recognition                                         ; Off                ; Off                ;
; Allow Any Shift Register Size For Recognition                              ; Off                ; Off                ;
; Use LogicLock Constraints during Resource Balancing                        ; On                 ; On                 ;
; Ignore translate_off and synthesis_off directives                          ; Off                ; Off                ;
; Timing-Driven Synthesis                                                    ; Off                ; Off                ;
; Show Parameter Settings Tables in Synthesis Report                         ; On                 ; On                 ;
; Ignore Maximum Fan-Out Assignments                                         ; Off                ; Off                ;
; Synchronization Register Chain Length                                      ; 2                  ; 2                  ;
; PowerPlay Power Optimization                                               ; Normal compilation ; Normal compilation ;
; HDL message level                                                          ; Level2             ; Level2             ;
; Suppress Register Optimization Related Messages                            ; Off                ; Off                ;
; Number of Removed Registers Reported in Synthesis Report                   ; 5000               ; 5000               ;
; Number of Inverted Registers Reported in Synthesis Report                  ; 100                ; 100                ;
; Clock MUX Protection                                                       ; On                 ; On                 ;
; Auto Gated Clock Conversion                                                ; Off                ; Off                ;
; Block Design Naming                                                        ; Auto               ; Auto               ;
; SDC constraint protection                                                  ; Off                ; Off                ;
; Synthesis Effort                                                           ; Auto               ; Auto               ;
; Shift Register Replacement - Allow Asynchronous Clear Signal               ; On                 ; On                 ;
; Analysis & Synthesis Message Level                                         ; Medium             ; Medium             ;
; Disable Register Merging Across Hierarchies                                ; Auto               ; Auto               ;
; Resource Aware Inference For Block RAM                                     ; On                 ; On                 ;
+----------------------------------------------------------------------------+--------------------+--------------------+


Parallel compilation was disabled, but you have multiple processors available. Enable parallel compilation to reduce compilation time.
+-------------------------------------+
; Parallel Compilation                ;
+----------------------------+--------+
; Processors                 ; Number ;
+----------------------------+--------+
; Number detected on machine ; 8      ;
; Maximum allowed            ; 1      ;
+----------------------------+--------+


+-----------------------------------------------------------------------------------------------------------+
; Analysis & Synthesis Source Files Read                                                                    ;
+----------------------------------+-----------------+-----------------+------------------------------------+
; File Name with User-Entered Path ; Used in Netlist ; File Type       ; File Name with Absolute Path       ;
+----------------------------------+-----------------+-----------------+------------------------------------+
; ps2_rec.vhd                      ; yes             ; User VHDL File  ; H:/keyboard/ps2_rec.vhd            ;
; dec_7seg_hex.vhd                 ; yes             ; User VHDL File  ; H:/keyboard/dec_7seg_hex.vhd       ;
; hex_to_seven.vhd                 ; yes             ; User VHDL File  ; H:/keyboard/hex_to_seven.vhd       ;
; scan_code_to_ascii.vhd           ; yes             ; User VHDL File  ; H:/keyboard/scan_code_to_ascii.vhd ;
; shift_detector.vhd               ; yes             ; User VHDL File  ; H:/keyboard/shift_detector.vhd     ;
; keyboard_interface.vhd           ; yes             ; User VHDL File  ; H:/keyboard/keyboard_interface.vhd ;
+----------------------------------+-----------------+-----------------+------------------------------------+


+------------------------------------------------------------------------------+
; Analysis & Synthesis Resource Usage Summary                                  ;
+---------------------------------------------+--------------------------------+
; Resource                                    ; Usage                          ;
+---------------------------------------------+--------------------------------+
; Estimated Total logic elements              ; 143                            ;
;                                             ;                                ;
; Total combinational functions               ; 125                            ;
; Logic element usage by number of LUT inputs ;                                ;
;     -- 4 input functions                    ; 67                             ;
;     -- 3 input functions                    ; 45                             ;
;     -- <=2 input functions                  ; 13                             ;
;                                             ;                                ;
; Logic elements by mode                      ;                                ;
;     -- normal mode                          ; 125                            ;
;     -- arithmetic mode                      ; 0                              ;
;                                             ;                                ;
; Total registers                             ; 29                             ;
;     -- Dedicated logic registers            ; 29                             ;
;     -- I/O registers                        ; 0                              ;
;                                             ;                                ;
; I/O pins                                    ; 61                             ;
; Maximum fan-out node                        ; ps2_rec:rec|current_state.done ;
; Maximum fan-out                             ; 33                             ;
; Total fan-out                               ; 551                            ;
; Average fan-out                             ; 2.56                           ;
+---------------------------------------------+--------------------------------+


+-----------------------------------------------------------------------------------------------------------------------------------------------------------------------------------------------------------------+
; Analysis & Synthesis Resource Utilization by Entity                                                                                                                                                             ;
+-------------------------------+-------------------+--------------+-------------+--------------+---------+-----------+------+--------------+------------------------------------------------------+--------------+
; Compilation Hierarchy Node    ; LC Combinationals ; LC Registers ; Memory Bits ; DSP Elements ; DSP 9x9 ; DSP 18x18 ; Pins ; Virtual Pins ; Full Hierarchy Name                                  ; Library Name ;
+-------------------------------+-------------------+--------------+-------------+--------------+---------+-----------+------+--------------+------------------------------------------------------+--------------+
; |keyboard_interface           ; 125 (0)           ; 29 (0)       ; 0           ; 0            ; 0       ; 0         ; 61   ; 0            ; |keyboard_interface                                  ; work         ;
;    |hex_to_seven:sev|         ; 50 (0)            ; 0 (0)        ; 0           ; 0            ; 0       ; 0         ; 0    ; 0            ; |keyboard_interface|hex_to_seven:sev                 ;              ;
;       |dec_7seg_hex:d0|       ; 14 (14)           ; 0 (0)        ; 0           ; 0            ; 0       ; 0         ; 0    ; 0            ; |keyboard_interface|hex_to_seven:sev|dec_7seg_hex:d0 ;              ;
;       |dec_7seg_hex:d1|       ; 14 (14)           ; 0 (0)        ; 0           ; 0            ; 0       ; 0         ; 0    ; 0            ; |keyboard_interface|hex_to_seven:sev|dec_7seg_hex:d1 ;              ;
;       |dec_7seg_hex:d6|       ; 14 (14)           ; 0 (0)        ; 0           ; 0            ; 0       ; 0         ; 0    ; 0            ; |keyboard_interface|hex_to_seven:sev|dec_7seg_hex:d6 ;              ;
;       |dec_7seg_hex:d7|       ; 8 (8)             ; 0 (0)        ; 0           ; 0            ; 0       ; 0         ; 0    ; 0            ; |keyboard_interface|hex_to_seven:sev|dec_7seg_hex:d7 ;              ;
;    |ps2_rec:rec|              ; 22 (22)           ; 26 (26)      ; 0           ; 0            ; 0       ; 0         ; 0    ; 0            ; |keyboard_interface|ps2_rec:rec                      ;              ;
;    |scan_code_to_ascii:ascii| ; 42 (42)           ; 0 (0)        ; 0           ; 0            ; 0       ; 0         ; 0    ; 0            ; |keyboard_interface|scan_code_to_ascii:ascii         ;              ;
;    |shift_detector:shft|      ; 11 (11)           ; 3 (3)        ; 0           ; 0            ; 0       ; 0         ; 0    ; 0            ; |keyboard_interface|shift_detector:shft              ;              ;
+-------------------------------+-------------------+--------------+-------------+--------------+---------+-----------+------+--------------+------------------------------------------------------+--------------+
Note: For table entries with two numbers listed, the numbers in parentheses indicate the number of resources of the given type used by the specific entity alone. The numbers listed outside of parentheses indicate the total resources of the given type used by the specific entity and all of its sub-entities in the hierarchy.


Encoding Type:  One-Hot
+--------------------------------------------------------------------------------------------------------+
; State Machine - |keyboard_interface|shift_detector:shft|current_state                                  ;
+---------------------+---------------------+------------------+--------------------+--------------------+
; Name                ; current_state.pause ; current_state.f0 ; current_state.shft ; current_state.idle ;
+---------------------+---------------------+------------------+--------------------+--------------------+
; current_state.idle  ; 0                   ; 0                ; 0                  ; 0                  ;
; current_state.shft  ; 0                   ; 0                ; 1                  ; 1                  ;
; current_state.f0    ; 0                   ; 1                ; 0                  ; 1                  ;
; current_state.pause ; 1                   ; 0                ; 0                  ; 1                  ;
+---------------------+---------------------+------------------+--------------------+--------------------+


Encoding Type:  One-Hot
+-----------------------------------------------------------------------------------------+
; State Machine - |keyboard_interface|ps2_rec:rec|current_state                           ;
+-----------------------+--------------------+-----------------------+--------------------+
; Name                  ; current_state.done ; current_state.receive ; current_state.idle ;
+-----------------------+--------------------+-----------------------+--------------------+
; current_state.idle    ; 0                  ; 0                     ; 0                  ;
; current_state.receive ; 0                  ; 1                     ; 1                  ;
; current_state.done    ; 1                  ; 0                     ; 1                  ;
+-----------------------+--------------------+-----------------------+--------------------+


+---------------------------------------------------------------------------------------------------------------+
; User-Specified and Inferred Latches                                                                           ;
+-----------------------------------------------------+--------------------------------+------------------------+
; Latch Name                                          ; Latch Enable Signal            ; Free of Timing Hazards ;
+-----------------------------------------------------+--------------------------------+------------------------+
; hex_to_seven:sev|dec_7seg_hex:d0|segment_data[6]    ; ps2_rec:rec|current_state.done ; yes                    ;
; hex_to_seven:sev|dec_7seg_hex:d0|segment_data[5]    ; ps2_rec:rec|current_state.done ; yes                    ;
; hex_to_seven:sev|dec_7seg_hex:d0|segment_data[4]    ; ps2_rec:rec|current_state.done ; yes                    ;
; hex_to_seven:sev|dec_7seg_hex:d0|segment_data[3]    ; ps2_rec:rec|current_state.done ; yes                    ;
; hex_to_seven:sev|dec_7seg_hex:d0|segment_data[2]    ; ps2_rec:rec|current_state.done ; yes                    ;
; hex_to_seven:sev|dec_7seg_hex:d0|segment_data[1]    ; ps2_rec:rec|current_state.done ; yes                    ;
; hex_to_seven:sev|dec_7seg_hex:d0|segment_data[0]    ; ps2_rec:rec|current_state.done ; yes                    ;
; hex_to_seven:sev|dec_7seg_hex:d1|segment_data[6]    ; ps2_rec:rec|current_state.done ; yes                    ;
; hex_to_seven:sev|dec_7seg_hex:d1|segment_data[5]    ; ps2_rec:rec|current_state.done ; yes                    ;
; hex_to_seven:sev|dec_7seg_hex:d1|segment_data[4]    ; ps2_rec:rec|current_state.done ; yes                    ;
; hex_to_seven:sev|dec_7seg_hex:d1|segment_data[3]    ; ps2_rec:rec|current_state.done ; yes                    ;
; hex_to_seven:sev|dec_7seg_hex:d1|segment_data[2]    ; ps2_rec:rec|current_state.done ; yes                    ;
; hex_to_seven:sev|dec_7seg_hex:d1|segment_data[1]    ; ps2_rec:rec|current_state.done ; yes                    ;
; hex_to_seven:sev|dec_7seg_hex:d1|segment_data[0]    ; ps2_rec:rec|current_state.done ; yes                    ;
; hex_to_seven:sev|dec_7seg_hex:d6|segment_data[6]    ; ps2_rec:rec|current_state.done ; yes                    ;
; hex_to_seven:sev|dec_7seg_hex:d6|segment_data[5]    ; ps2_rec:rec|current_state.done ; yes                    ;
; hex_to_seven:sev|dec_7seg_hex:d6|segment_data[4]    ; ps2_rec:rec|current_state.done ; yes                    ;
; hex_to_seven:sev|dec_7seg_hex:d6|segment_data[3]    ; ps2_rec:rec|current_state.done ; yes                    ;
; hex_to_seven:sev|dec_7seg_hex:d6|segment_data[2]    ; ps2_rec:rec|current_state.done ; yes                    ;
; hex_to_seven:sev|dec_7seg_hex:d6|segment_data[1]    ; ps2_rec:rec|current_state.done ; yes                    ;
; hex_to_seven:sev|dec_7seg_hex:d6|segment_data[0]    ; ps2_rec:rec|current_state.done ; yes                    ;
; hex_to_seven:sev|dec_7seg_hex:d7|segment_data[6]    ; ps2_rec:rec|current_state.done ; yes                    ;
; hex_to_seven:sev|dec_7seg_hex:d7|segment_data[5]    ; ps2_rec:rec|current_state.done ; yes                    ;
; hex_to_seven:sev|dec_7seg_hex:d7|segment_data[4]    ; ps2_rec:rec|current_state.done ; yes                    ;
; hex_to_seven:sev|dec_7seg_hex:d7|segment_data[3]    ; ps2_rec:rec|current_state.done ; yes                    ;
; hex_to_seven:sev|dec_7seg_hex:d7|segment_data[2]    ; ps2_rec:rec|current_state.done ; yes                    ;
; hex_to_seven:sev|dec_7seg_hex:d7|segment_data[1]    ; ps2_rec:rec|current_state.done ; yes                    ;
; hex_to_seven:sev|dec_7seg_hex:d7|segment_data[0]    ; ps2_rec:rec|current_state.done ; yes                    ;
; scan_code_to_ascii:ascii|ascii[0]                   ; GND                            ; yes                    ;
; scan_code_to_ascii:ascii|ascii[1]                   ; GND                            ; yes                    ;
; scan_code_to_ascii:ascii|ascii[2]                   ; GND                            ; yes                    ;
; scan_code_to_ascii:ascii|ascii[3]                   ; GND                            ; yes                    ;
; scan_code_to_ascii:ascii|ascii[5]                   ; GND                            ; yes                    ;
; scan_code_to_ascii:ascii|ascii[6]                   ; GND                            ; yes                    ;
; Number of user-specified and inferred latches = 34  ;                                ;                        ;
+-----------------------------------------------------+--------------------------------+------------------------+
Note: All latches listed above may not be present at the end of synthesis due to various synthesis optimizations.


+--------------------------------------------------------------+
; Registers Removed During Synthesis                           ;
+-----------------------------------------+--------------------+
; Register name                           ; Reason for Removal ;
+-----------------------------------------+--------------------+
; shift_detector:shft|current_state.pause ; Lost fanout        ;
; Total Number of Removed Registers = 1   ;                    ;
+-----------------------------------------+--------------------+


+------------------------------------------------------+
; General Register Statistics                          ;
+----------------------------------------------+-------+
; Statistic                                    ; Value ;
+----------------------------------------------+-------+
; Total registers                              ; 29    ;
; Number of registers using Synchronous Clear  ; 0     ;
; Number of registers using Synchronous Load   ; 0     ;
; Number of registers using Asynchronous Clear ; 26    ;
; Number of registers using Asynchronous Load  ; 0     ;
; Number of registers using Clock Enable       ; 10    ;
; Number of registers using Preset             ; 0     ;
+----------------------------------------------+-------+


+---------------------------------------------------------------------------------------------------------------------------------------------------------------------+
; Multiplexer Restructuring Statistics (Restructuring Performed)                                                                                                      ;
+--------------------+-----------+---------------+----------------------+------------------------+------------+-------------------------------------------------------+
; Multiplexer Inputs ; Bus Width ; Baseline Area ; Area if Restructured ; Saving if Restructured ; Registered ; Example Multiplexer Output                            ;
+--------------------+-----------+---------------+----------------------+------------------------+------------+-------------------------------------------------------+
; 5:1                ; 10 bits   ; 30 LEs        ; 0 LEs                ; 30 LEs                 ; Yes        ; |keyboard_interface|ps2_rec:rec|current_data[8]       ;
; 6:1                ; 4 bits    ; 16 LEs        ; 4 LEs                ; 12 LEs                 ; Yes        ; |keyboard_interface|ps2_rec:rec|current_n[3]          ;
; 3:1                ; 2 bits    ; 4 LEs         ; 2 LEs                ; 2 LEs                  ; No         ; |keyboard_interface|ps2_rec:rec|next_state            ;
; 3:1                ; 2 bits    ; 4 LEs         ; 4 LEs                ; 0 LEs                  ; No         ; |keyboard_interface|scan_code_to_ascii:ascii|ascii[3] ;
; 4:1                ; 3 bits    ; 6 LEs         ; 6 LEs                ; 0 LEs                  ; No         ; |keyboard_interface|scan_code_to_ascii:ascii|ascii[2] ;
; 7:1                ; 2 bits    ; 8 LEs         ; 4 LEs                ; 4 LEs                  ; No         ; |keyboard_interface|shift_detector:shft|Selector2     ;
; 7:1                ; 2 bits    ; 8 LEs         ; 4 LEs                ; 4 LEs                  ; No         ; |keyboard_interface|shift_detector:shft|Selector0     ;
; 7:1                ; 2 bits    ; 8 LEs         ; 8 LEs                ; 0 LEs                  ; No         ; |keyboard_interface|scan_code_to_ascii:ascii|ascii[1] ;
+--------------------+-----------+---------------+----------------------+------------------------+------------+-------------------------------------------------------+


+------------------------------------------------+
; Port Connectivity Checks: "hex_to_seven:sev"   ;
+--------------+-------+----------+--------------+
; Port         ; Type  ; Severity ; Details      ;
+--------------+-------+----------+--------------+
; input[23..8] ; Input ; Info     ; Stuck at GND ;
+--------------+-------+----------+--------------+


+-------------------------------+
; Analysis & Synthesis Messages ;
+-------------------------------+
Info: *******************************************************************
Info: Running Quartus II Analysis & Synthesis
    Info: Version 9.1 Build 350 03/24/2010 Service Pack 2 SJ Web Edition
    Info: Processing started: Thu May 14 15:20:12 2015
Info: Command: quartus_map --read_settings_files=on --write_settings_files=off keyboard -c keyboard
Info: Found 2 design units, including 1 entities, in source file ps2_rec.vhd
    Info: Found design unit 1: ps2_rec-arch
    Info: Found entity 1: ps2_rec
Info: Found 2 design units, including 1 entities, in source file dec_7seg_hex.vhd
    Info: Found design unit 1: dec_7seg_hex-a
    Info: Found entity 1: dec_7seg_hex
Info: Found 2 design units, including 1 entities, in source file hex_to_seven.vhd
    Info: Found design unit 1: hex_to_seven-a
    Info: Found entity 1: hex_to_seven
Info: Found 2 design units, including 1 entities, in source file scan_code_to_ascii.vhd
    Info: Found design unit 1: scan_code_to_ascii-arch
    Info: Found entity 1: scan_code_to_ascii
Info: Found 2 design units, including 1 entities, in source file shift_detector.vhd
    Info: Found design unit 1: shift_detector-arch
    Info: Found entity 1: shift_detector
Info: Found 2 design units, including 1 entities, in source file keyboard_interface.vhd
    Info: Found design unit 1: keyboard_interface-bdf_type
    Info: Found entity 1: keyboard_interface
Info: Found 1 design units, including 1 entities, in source file keyboard.bdf
    Info: Found entity 1: keyboard
Info: Elaborating entity "keyboard_interface" for the top level hierarchy
Info: Elaborating entity "ps2_rec" for hierarchy "ps2_rec:rec"
Warning (10492): VHDL Process Statement warning at ps2_rec.vhd(68): signal "rec_en" is read inside the Process Statement but isn't in the Process Statement's sensitivity list
Info: Elaborating entity "hex_to_seven" for hierarchy "hex_to_seven:sev"
Info: Elaborating entity "dec_7seg_hex" for hierarchy "hex_to_seven:sev|dec_7seg_hex:d0"
Warning (10492): VHDL Process Statement warning at dec_7seg_hex.vhd(19): signal "en" is read inside the Process Statement but isn't in the Process Statement's sensitivity list
Warning (10631): VHDL Process Statement warning at dec_7seg_hex.vhd(16): inferring latch(es) for signal or variable "segment_data", which holds its previous value in one or more paths through the process
Info (10041): Inferred latch for "segment_data[0]" at dec_7seg_hex.vhd(16)
Info (10041): Inferred latch for "segment_data[1]" at dec_7seg_hex.vhd(16)
Info (10041): Inferred latch for "segment_data[2]" at dec_7seg_hex.vhd(16)
Info (10041): Inferred latch for "segment_data[3]" at dec_7seg_hex.vhd(16)
Info (10041): Inferred latch for "segment_data[4]" at dec_7seg_hex.vhd(16)
Info (10041): Inferred latch for "segment_data[5]" at dec_7seg_hex.vhd(16)
Info (10041): Inferred latch for "segment_data[6]" at dec_7seg_hex.vhd(16)
Info: Elaborating entity "shift_detector" for hierarchy "shift_detector:shft"
Warning (10492): VHDL Process Statement warning at shift_detector.vhd(30): signal "current_state" is read inside the Process Statement but isn't in the Process Statement's sensitivity list
Warning (10492): VHDL Process Statement warning at shift_detector.vhd(32): signal "current_state" is read inside the Process Statement but isn't in the Process Statement's sensitivity list
Info: Elaborating entity "scan_code_to_ascii" for hierarchy "scan_code_to_ascii:ascii"
Info (10041): Inferred latch for "ascii[0]" at scan_code_to_ascii.vhd(18)
Info (10041): Inferred latch for "ascii[1]" at scan_code_to_ascii.vhd(18)
Info (10041): Inferred latch for "ascii[2]" at scan_code_to_ascii.vhd(18)
Info (10041): Inferred latch for "ascii[3]" at scan_code_to_ascii.vhd(18)
Info (10041): Inferred latch for "ascii[4]" at scan_code_to_ascii.vhd(18)
Info (10041): Inferred latch for "ascii[5]" at scan_code_to_ascii.vhd(18)
Info (10041): Inferred latch for "ascii[6]" at scan_code_to_ascii.vhd(18)
Info (10041): Inferred latch for "ascii[7]" at scan_code_to_ascii.vhd(18)
Warning: The following bidir pins have no drivers
    Warning: Bidir "ps2D" has no driver
    Warning: Bidir "ps2C" has no driver
Info: Duplicate LATCH primitives merged into single LATCH primitive
    Info: Duplicate LATCH primitive "hex_to_seven:sev|dec_7seg_hex:d7|segment_data[3]" merged with LATCH primitive "hex_to_seven:sev|dec_7seg_hex:d7|segment_data[6]"
    Info: Duplicate LATCH primitive "hex_to_seven:sev|dec_7seg_hex:d7|segment_data[2]" merged with LATCH primitive "hex_to_seven:sev|dec_7seg_hex:d7|segment_data[6]"
    Info: Duplicate LATCH primitive "hex_to_seven:sev|dec_7seg_hex:d7|segment_data[1]" merged with LATCH primitive "hex_to_seven:sev|dec_7seg_hex:d7|segment_data[4]"
Warning: Output pins are stuck at VCC or GND
    Warning (13410): Pin "display[14]" is stuck at GND
    Warning (13410): Pin "display[15]" is stuck at GND
    Warning (13410): Pin "display[16]" is stuck at GND
    Warning (13410): Pin "display[17]" is stuck at GND
    Warning (13410): Pin "display[18]" is stuck at GND
    Warning (13410): Pin "display[19]" is stuck at GND
    Warning (13410): Pin "display[20]" is stuck at VCC
    Warning (13410): Pin "display[21]" is stuck at GND
    Warning (13410): Pin "display[22]" is stuck at GND
    Warning (13410): Pin "display[23]" is stuck at GND
    Warning (13410): Pin "display[24]" is stuck at GND
    Warning (13410): Pin "display[25]" is stuck at GND
    Warning (13410): Pin "display[26]" is stuck at GND
    Warning (13410): Pin "display[27]" is stuck at VCC
    Warning (13410): Pin "display[28]" is stuck at GND
    Warning (13410): Pin "display[29]" is stuck at GND
    Warning (13410): Pin "display[30]" is stuck at GND
    Warning (13410): Pin "display[31]" is stuck at GND
    Warning (13410): Pin "display[32]" is stuck at GND
    Warning (13410): Pin "display[33]" is stuck at GND
    Warning (13410): Pin "display[34]" is stuck at VCC
    Warning (13410): Pin "display[35]" is stuck at GND
    Warning (13410): Pin "display[36]" is stuck at GND
    Warning (13410): Pin "display[37]" is stuck at GND
    Warning (13410): Pin "display[38]" is stuck at GND
    Warning (13410): Pin "display[39]" is stuck at GND
    Warning (13410): Pin "display[40]" is stuck at GND
    Warning (13410): Pin "display[41]" is stuck at VCC
Info: 1 registers lost all their fanouts during netlist optimizations. The first 1 are displayed below.
    Info: Register "shift_detector:shft|current_state.pause" lost all its fanouts during netlist optimizations.
Info: Implemented 204 device resources after synthesis - the final resource count might be different
    Info: Implemented 3 input pins
    Info: Implemented 56 output pins
    Info: Implemented 2 bidirectional pins
    Info: Implemented 143 logic cells
Info: Quartus II Analysis & Synthesis was successful. 0 errors, 37 warnings
    Info: Peak virtual memory: 231 megabytes
    Info: Processing ended: Thu May 14 15:20:17 2015
    Info: Elapsed time: 00:00:05
    Info: Total CPU time (on all processors): 00:00:03


