Flow report for Lab7
Thu Nov 20 12:06:33 2014
Quartus II Version 9.1 Build 222 10/21/2009 SJ Web Edition


---------------------
; Table of Contents ;
---------------------
  1. Legal Notice
  2. Flow Summary
  3. Flow Settings
  4. Flow Non-Default Global Settings
  5. Flow Elapsed Time
  6. Flow OS Summary
  7. Flow Log



----------------
; Legal Notice ;
----------------
Copyright (C) 1991-2009 Altera Corporation
Your use of Altera Corporation's design tools, logic functions 
and other software and tools, and its AMPP partner logic 
functions, and any output files from any of the foregoing 
(including device programming or simulation files), and any 
associated documentation or information are expressly subject 
to the terms and conditions of the Altera Program License 
Subscription Agreement, Altera MegaCore Function License 
Agreement, or other applicable license agreement, including, 
without limitation, that your use is for the sole purpose of 
programming logic devices manufactured by Altera and sold by 
Altera or its authorized distributors.  Please refer to the 
applicable agreement for further details.



+------------------------------------------------------------------------------+
; Flow Summary                                                                 ;
+------------------------------------+-----------------------------------------+
; Flow Status                        ; Successful - Thu Nov 20 12:06:33 2014   ;
; Quartus II Version                 ; 9.1 Build 222 10/21/2009 SJ Web Edition ;
; Revision Name                      ; Lab7                                    ;
; Top-level Entity Name              ; VGA                                     ;
; Family                             ; Cyclone II                              ;
; Device                             ; EP2C35F672C6                            ;
; Timing Models                      ; Final                                   ;
; Met timing requirements            ; Yes                                     ;
; Total logic elements               ; 119 / 33,216 ( < 1 % )                  ;
;     Total combinational functions  ; 119 / 33,216 ( < 1 % )                  ;
;     Dedicated logic registers      ; 41 / 33,216 ( < 1 % )                   ;
; Total registers                    ; 41                                      ;
; Total pins                         ; 20 / 475 ( 4 % )                        ;
; Total virtual pins                 ; 0                                       ;
; Total memory bits                  ; 0 / 483,840 ( 0 % )                     ;
; Embedded Multiplier 9-bit elements ; 0 / 70 ( 0 % )                          ;
; Total PLLs                         ; 1 / 4 ( 25 % )                          ;
+------------------------------------+-----------------------------------------+


+-----------------------------------------+
; Flow Settings                           ;
+-------------------+---------------------+
; Option            ; Setting             ;
+-------------------+---------------------+
; Start date & time ; 11/20/2014 12:05:41 ;
; Main task         ; Compilation         ;
; Revision Name     ; Lab7                ;
+-------------------+---------------------+


+-----------------------------------------------------------------------------------------------------------------------------+
; Flow Non-Default Global Settings                                                                                            ;
+------------------------------------+-----------------------------------------+---------------+-------------+----------------+
; Assignment Name                    ; Value                                   ; Default Value ; Entity Name ; Section Id     ;
+------------------------------------+-----------------------------------------+---------------+-------------+----------------+
; COMPILER_SIGNATURE_ID              ; 84115108229441.141650314110984          ; --            ; --          ; --             ;
; IP_TOOL_NAME                       ; ALTPLL                                  ; --            ; --          ; --             ;
; IP_TOOL_VERSION                    ; 9.1                                     ; --            ; --          ; --             ;
; MAX_CORE_JUNCTION_TEMP             ; 85                                      ; --            ; --          ; --             ;
; MIN_CORE_JUNCTION_TEMP             ; 0                                       ; --            ; --          ; --             ;
; MISC_FILE                          ; PLL.tdf                                 ; --            ; --          ; --             ;
; MISC_FILE                          ; PLL.bsf                                 ; --            ; --          ; --             ;
; MISC_FILE                          ; PLL.ppf                                 ; --            ; --          ; --             ;
; MISC_FILE                          ; C:/Users/Mei Ling/Desktop/Lab7/Lab7.dpf ; --            ; --          ; --             ;
; PARTITION_COLOR                    ; 16764057                                ; --            ; VGA         ; Top            ;
; PARTITION_NETLIST_TYPE             ; SOURCE                                  ; --            ; VGA         ; Top            ;
; TOP_LEVEL_ENTITY                   ; VGA                                     ; Lab7          ; --          ; --             ;
; USE_GENERATED_PHYSICAL_CONSTRAINTS ; Off                                     ; --            ; --          ; eda_blast_fpga ;
+------------------------------------+-----------------------------------------+---------------+-------------+----------------+


+-----------------------------------------------------------------------------------------------------------------------------+
; Flow Elapsed Time                                                                                                           ;
+-------------------------+--------------+-------------------------+---------------------+------------------------------------+
; Module Name             ; Elapsed Time ; Average Processors Used ; Peak Virtual Memory ; Total CPU Time (on all processors) ;
+-------------------------+--------------+-------------------------+---------------------+------------------------------------+
; Analysis & Synthesis    ; 00:00:14     ; 1.0                     ; 239 MB              ; 00:00:02                           ;
; Fitter                  ; 00:00:19     ; 1.0                     ; 275 MB              ; 00:00:12                           ;
; Assembler               ; 00:00:06     ; 1.0                     ; 257 MB              ; 00:00:06                           ;
; Classic Timing Analyzer ; 00:00:01     ; 1.0                     ; 164 MB              ; 00:00:02                           ;
; Total                   ; 00:00:40     ; --                      ; --                  ; 00:00:22                           ;
+-------------------------+--------------+-------------------------+---------------------+------------------------------------+


+------------------------------------------------------------------------------------------+
; Flow OS Summary                                                                          ;
+-------------------------+------------------+---------------+------------+----------------+
; Module Name             ; Machine Hostname ; OS Name       ; OS Version ; Processor type ;
+-------------------------+------------------+---------------+------------+----------------+
; Analysis & Synthesis    ; Hacker           ; Windows Vista ; 6.1        ; x86_64         ;
; Fitter                  ; Hacker           ; Windows Vista ; 6.1        ; x86_64         ;
; Assembler               ; Hacker           ; Windows Vista ; 6.1        ; x86_64         ;
; Classic Timing Analyzer ; Hacker           ; Windows Vista ; 6.1        ; x86_64         ;
+-------------------------+------------------+---------------+------------+----------------+


------------
; Flow Log ;
------------
quartus_map --read_settings_files=on --write_settings_files=off Lab7 -c Lab7
quartus_fit --read_settings_files=off --write_settings_files=off Lab7 -c Lab7
quartus_asm --read_settings_files=off --write_settings_files=off Lab7 -c Lab7
quartus_tan --read_settings_files=off --write_settings_files=off Lab7 -c Lab7 --timing_analysis_only



