Flow report for CSC343_Latches_Flipflop
Fri Apr 17 05:35:20 2015
Quartus II Version 9.1 Build 350 03/24/2010 Service Pack 2 SJ Web Edition


---------------------
; Table of Contents ;
---------------------
  1. Legal Notice
  2. Flow Summary
  3. Flow Settings
  4. Flow Non-Default Global Settings
  5. Flow Elapsed Time
  6. Flow OS Summary
  7. Flow Log



----------------
; Legal Notice ;
----------------
Copyright (C) 1991-2010 Altera Corporation
Your use of Altera Corporation's design tools, logic functions 
and other software and tools, and its AMPP partner logic 
functions, and any output files from any of the foregoing 
(including device programming or simulation files), and any 
associated documentation or information are expressly subject 
to the terms and conditions of the Altera Program License 
Subscription Agreement, Altera MegaCore Function License 
Agreement, or other applicable license agreement, including, 
without limitation, that your use is for the sole purpose of 
programming logic devices manufactured by Altera and sold by 
Altera or its authorized distributors.  Please refer to the 
applicable agreement for further details.



+-----------------------------------------------------------------------------------+
; Flow Summary                                                                      ;
+------------------------------------+----------------------------------------------+
; Flow Status                        ; Successful - Fri Apr 17 05:35:20 2015        ;
; Quartus II Version                 ; 9.1 Build 350 03/24/2010 SP 2 SJ Web Edition ;
; Revision Name                      ; CSC343_Latches_Flipflop                      ;
; Top-level Entity Name              ; SRAM16                                       ;
; Family                             ; Cyclone II                                   ;
; Device                             ; EP2C35F672C6                                 ;
; Timing Models                      ; Final                                        ;
; Met timing requirements            ; Yes                                          ;
; Total logic elements               ; 33 / 33,216 ( < 1 % )                        ;
;     Total combinational functions  ; 33 / 33,216 ( < 1 % )                        ;
;     Dedicated logic registers      ; 0 / 33,216 ( 0 % )                           ;
; Total registers                    ; 0                                            ;
; Total pins                         ; 34 / 475 ( 7 % )                             ;
; Total virtual pins                 ; 0                                            ;
; Total memory bits                  ; 0 / 483,840 ( 0 % )                          ;
; Embedded Multiplier 9-bit elements ; 0 / 70 ( 0 % )                               ;
; Total PLLs                         ; 0 / 4 ( 0 % )                                ;
+------------------------------------+----------------------------------------------+


+---------------------------------------------+
; Flow Settings                               ;
+-------------------+-------------------------+
; Option            ; Setting                 ;
+-------------------+-------------------------+
; Start date & time ; 04/17/2015 05:16:57     ;
; Main task         ; Compilation             ;
; Revision Name     ; CSC343_Latches_Flipflop ;
+-------------------+-------------------------+


+------------------------------------------------------------------------------------------------------------------------------+
; Flow Non-Default Global Settings                                                                                             ;
+------------------------------------+--------------------------------+-------------------------+-------------+----------------+
; Assignment Name                    ; Value                          ; Default Value           ; Entity Name ; Section Id     ;
+------------------------------------+--------------------------------+-------------------------+-------------+----------------+
; COMPILER_SIGNATURE_ID              ; 25130673495520.142927301600396 ; --                      ; --          ; --             ;
; MAX_CORE_JUNCTION_TEMP             ; 85                             ; --                      ; --          ; --             ;
; MIN_CORE_JUNCTION_TEMP             ; 0                              ; --                      ; --          ; --             ;
; PARTITION_COLOR                    ; 16764057                       ; --                      ; SRAM16      ; Top            ;
; PARTITION_NETLIST_TYPE             ; SOURCE                         ; --                      ; SRAM16      ; Top            ;
; TOP_LEVEL_ENTITY                   ; SRAM16                         ; CSC343_Latches_Flipflop ; --          ; --             ;
; USE_GENERATED_PHYSICAL_CONSTRAINTS ; Off                            ; --                      ; --          ; eda_blast_fpga ;
+------------------------------------+--------------------------------+-------------------------+-------------+----------------+


+-----------------------------------------------------------------------------------------------------------------------------+
; Flow Elapsed Time                                                                                                           ;
+-------------------------+--------------+-------------------------+---------------------+------------------------------------+
; Module Name             ; Elapsed Time ; Average Processors Used ; Peak Virtual Memory ; Total CPU Time (on all processors) ;
+-------------------------+--------------+-------------------------+---------------------+------------------------------------+
; Analysis & Synthesis    ; 00:00:07     ; 1.0                     ; 230 MB              ; 00:00:08                           ;
; Fitter                  ; 00:00:29     ; 1.0                     ; 263 MB              ; 00:00:32                           ;
; Assembler               ; 00:00:10     ; 1.0                     ; 249 MB              ; 00:00:09                           ;
; Classic Timing Analyzer ; 00:00:01     ; 1.0                     ; 153 MB              ; 00:00:01                           ;
; Classic Timing Analyzer ; 00:00:04     ; 1.0                     ; 197 MB              ; 00:00:05                           ;
; Total                   ; 00:00:51     ; --                      ; --                  ; 00:00:55                           ;
+-------------------------+--------------+-------------------------+---------------------+------------------------------------+


+------------------------------------------------------------------------------------------+
; Flow OS Summary                                                                          ;
+-------------------------+------------------+---------------+------------+----------------+
; Module Name             ; Machine Hostname ; OS Name       ; OS Version ; Processor type ;
+-------------------------+------------------+---------------+------------+----------------+
; Analysis & Synthesis    ; Stefan           ; Windows Vista ; 6.2        ; x86_64         ;
; Fitter                  ; Stefan           ; Windows Vista ; 6.2        ; x86_64         ;
; Assembler               ; Stefan           ; Windows Vista ; 6.2        ; x86_64         ;
; Classic Timing Analyzer ; Stefan           ; Windows Vista ; 6.2        ; x86_64         ;
; Classic Timing Analyzer ; Stefan           ; Windows Vista ; 6.2        ; x86_64         ;
+-------------------------+------------------+---------------+------------+----------------+


------------
; Flow Log ;
------------
quartus_map --read_settings_files=on --write_settings_files=off CSC343_Latches_Flipflop -c CSC343_Latches_Flipflop
quartus_fit --read_settings_files=off --write_settings_files=off CSC343_Latches_Flipflop -c CSC343_Latches_Flipflop
quartus_asm --read_settings_files=off --write_settings_files=off CSC343_Latches_Flipflop -c CSC343_Latches_Flipflop
quartus_tan --read_settings_files=off --write_settings_files=off CSC343_Latches_Flipflop -c CSC343_Latches_Flipflop --timing_analysis_only
quartus_tan --read_settings_files=on --write_settings_files=off CSC343_Latches_Flipflop -c CSC343_Latches_Flipflop --speed=6



